<?xml version="1.0" encoding="UTF-8"?>
<!-- Generated by org.testng.reporters.JUnitReportReporter -->
<testsuite skipped="0" hostname="DESKTOP-TMTUP2J" name="demoPack.NewTest" tests="1" failures="0" timestamp="21 May 2017 20:43:19 GMT" time="8.669" errors="0">
  <testcase name="facebook" time="8.669" classname="demoPack.NewTest"/>
</testsuite> <!-- demoPack.NewTest -->
